[debug] [2021-04-22T13:36:26.585Z] ----------------------------------------------------------------------
[debug] [2021-04-22T13:36:26.589Z] Command:       C:\Program Files\nodejs\node.exe C:\Users\Lenovo\AppData\Roaming\npm\node_modules\firebase-tools\lib\bin\firebase.js init
[debug] [2021-04-22T13:36:26.590Z] CLI Version:   9.10.0
[debug] [2021-04-22T13:36:26.590Z] Platform:      win32
[debug] [2021-04-22T13:36:26.590Z] Node Version:  v14.16.0
[debug] [2021-04-22T13:36:26.592Z] Time:          Thu Apr 22 2021 19:06:26 GMT+0530 (India Standard Time)
[debug] [2021-04-22T13:36:26.593Z] ----------------------------------------------------------------------
[debug] 
[debug] [2021-04-22T13:36:26.597Z] >>> [apiv2][query] GET https://firebase-public.firebaseio.com/cli.json [none]
[debug] [2021-04-22T13:36:26.643Z] > command requires scopes: ["email","openid","https://www.googleapis.com/auth/cloudplatformprojects.readonly","https://www.googleapis.com/auth/firebase","https://www.googleapis.com/auth/cloud-platform"]
[debug] [2021-04-22T13:36:26.643Z] > authorizing via signed-in user (dadj.ramnarayanji.civ17@itbhu.ac.in)
[info] 
     ######## #### ########  ######## ########     ###     ######  ########
     ##        ##  ##     ## ##       ##     ##  ##   ##  ##       ##
     ######    ##  ########  ######   ########  #########  ######  ######
     ##        ##  ##    ##  ##       ##     ## ##     ##       ## ##
     ##       #### ##     ## ######## ########  ##     ##  ######  ########

You're about to initialize a Firebase project in this directory:

  C:\Users\Lenovo\movies\src

[debug] [2021-04-22T13:36:28.332Z] <<< [apiv2][status] GET https://firebase-public.firebaseio.com/cli.json 200
[debug] [2021-04-22T13:36:28.334Z] <<< [apiv2][body] GET https://firebase-public.firebaseio.com/cli.json {"cloudBuildErrorAfter":1594252800000,"cloudBuildWarnAfter":1590019200000,"defaultNode10After":1594252800000,"minVersion":"3.0.5","node8DeploysDisabledAfter":1613390400000,"node8RuntimeDisabledAfter":1615809600000,"node8WarnAfter":1600128000000}
[info] 
=== Project Setup
[info] 
[info] First, let's associate this project directory with a Firebase project.
[info] You can create multiple project aliases by running firebase use --add, 
[info] but for now we'll just set up a default project.
[info] 
[debug] [2021-04-22T13:36:42.887Z] > refreshing access token with scopes: []
[debug] [2021-04-22T13:36:42.888Z] >>> HTTP REQUEST POST https://www.googleapis.com/oauth2/v3/token  
 <request body omitted>
[debug] [2021-04-22T13:36:43.363Z] <<< HTTP RESPONSE 200 {"pragma":"no-cache","date":"Thu, 22 Apr 2021 13:36:42 GMT","expires":"Mon, 01 Jan 1990 00:00:00 GMT","cache-control":"no-cache, no-store, max-age=0, must-revalidate","content-type":"application/json; charset=utf-8","vary":"X-Origin, Referer, Origin,Accept-Encoding","server":"scaffolding on HTTPServer2","x-xss-protection":"0","x-frame-options":"SAMEORIGIN","x-content-type-options":"nosniff","alt-svc":"h3-29=\":443\"; ma=2592000,h3-T051=\":443\"; ma=2592000,h3-Q050=\":443\"; ma=2592000,h3-Q046=\":443\"; ma=2592000,h3-Q043=\":443\"; ma=2592000,quic=\":443\"; ma=2592000; v=\"46,43\"","accept-ranges":"none","transfer-encoding":"chunked"}
[debug] [2021-04-22T13:36:43.554Z] >>> [apiv2][query] GET https://firebase.googleapis.com/v1beta1/projects pageSize=100
[debug] [2021-04-22T13:36:44.382Z] <<< [apiv2][status] GET https://firebase.googleapis.com/v1beta1/projects 200
[debug] [2021-04-22T13:36:44.382Z] <<< [apiv2][body] GET https://firebase.googleapis.com/v1beta1/projects [omitted]
[info] i  Using project todolist-85995 (todolist) 
[info] 
=== Hosting Setup
[info] 
[info] Your public directory is the folder (relative to your project directory) that
[info] will contain Hosting assets to be uploaded with firebase deploy. If you
[info] have a build process for your assets, use your build's output directory.
[info] 
[info] +  Wrote public/404.html 
[debug] [2021-04-22T13:37:37.805Z] >>> [apiv2][query] GET https://www.gstatic.com/firebasejs/releases.json [none]
[debug] [2021-04-22T13:37:38.133Z] <<< [apiv2][status] GET https://www.gstatic.com/firebasejs/releases.json 200
[debug] [2021-04-22T13:37:38.134Z] <<< [apiv2][body] GET https://www.gstatic.com/firebasejs/releases.json {"current":{"version":"8.4.1","browserURL":"https://www.gstatic.com/firebasejs/8.4.1/firebase.js","packageURL":"https://www.gstatic.com/firebasejs/8.4.1/firebase.tgz"},"live":{"version":"8.4","browserURL":"https://www.gstatic.com/firebasejs/live/8.4/firebase.js","packageURL":"https://www.gstatic.com/firebasejs/live/8.4/firebase.tgz"},"components":{"analytics":"https://www.gstatic.com/firebasejs/8.4.1/firebase-analytics.js","app":"https://www.gstatic.com/firebasejs/8.4.1/firebase-app.js","auth":"https://www.gstatic.com/firebasejs/8.4.1/firebase-auth.js","database":"https://www.gstatic.com/firebasejs/8.4.1/firebase-database.js","firestore":"https://www.gstatic.com/firebasejs/8.4.1/firebase-firestore.js","functions":"https://www.gstatic.com/firebasejs/8.4.1/firebase-functions.js","installations":"https://www.gstatic.com/firebasejs/8.4.1/firebase-installations.js","messaging":"https://www.gstatic.com/firebasejs/8.4.1/firebase-messaging.js","storage":"https://www.gstatic.com/firebasejs/8.4.1/firebase-storage.js","performance":"https://www.gstatic.com/firebasejs/8.4.1/firebase-performance.js","remote-config":"https://www.gstatic.com/firebasejs/8.4.1/firebase-remote-config.js","firestore.memory":"https://www.gstatic.com/firebasejs/8.4.1/firebase-firestore.memory.js"}}
[info] +  Wrote public/index.html 
[info] 
[info] i  Didn't detect a .git folder. Assuming C:\Users\Lenovo\movies\src is the project root. 
[info] i  Authorizing with GitHub to upload your service account to a GitHub repository's secrets store. 
[info] 
[info] Visit this URL on this device to log in:
[info] https://github.com/login/oauth/authorize?client_id=89cf50f02ac6aaed3484&state=235915583&redirect_uri=http%3A%2F%2Flocalhost%3A9005&scope=read%3Auser%20repo%20public_repo
[info] 
[info] Waiting for authentication...
[debug] [2021-04-22T13:38:29.667Z] >>> HTTP REQUEST POST https://github.com/login/oauth/access_token  
 {"client_id":"89cf50f02ac6aaed3484","client_secret":"3330d14abc895d9a74d5f17cd7a00711fa2c5bf0","code":"37e44c5a98f85633e75a","redirect_uri":"http://localhost:9005","state":"235915583"}
[debug] [2021-04-22T13:38:30.293Z] <<< HTTP RESPONSE 200 {"server":"GitHub.com","date":"Thu, 22 Apr 2021 13:38:29 GMT","content-type":"application/json; charset=utf-8","transfer-encoding":"chunked","vary":"X-PJAX, Accept-Encoding, Accept, X-Requested-With","permissions-policy":"interest-cohort=()","etag":"W/\"cb7e2ab2ba16f6dff6037cd77c3b72cd\"","cache-control":"max-age=0, private, must-revalidate","strict-transport-security":"max-age=31536000; includeSubdomains; preload","x-frame-options":"deny","x-content-type-options":"nosniff","x-xss-protection":"0","referrer-policy":"origin-when-cross-origin, strict-origin-when-cross-origin","expect-ct":"max-age=2592000, report-uri=\"https://api.github.com/_private/browser/errors\"","content-security-policy":"default-src 'none'; base-uri 'self'; block-all-mixed-content; connect-src 'self' uploads.github.com www.githubstatus.com collector.githubapp.com api.github.com github-cloud.s3.amazonaws.com github-production-repository-file-5c1aeb.s3.amazonaws.com github-production-upload-manifest-file-7fdce7.s3.amazonaws.com github-production-user-asset-6210df.s3.amazonaws.com cdn.optimizely.com logx.optimizely.com/v1/events wss://alive.github.com; font-src github.githubassets.com; form-action 'self' github.com gist.github.com; frame-ancestors 'none'; frame-src render.githubusercontent.com; img-src 'self' data: github.githubassets.com identicons.github.com collector.githubapp.com github-cloud.s3.amazonaws.com secured-user-images.githubusercontent.com/ *.githubusercontent.com; manifest-src 'self'; media-src 'none'; script-src github.githubassets.com; style-src 'unsafe-inline' github.githubassets.com; worker-src github.com/socket-worker-3f088aa2.js gist.github.com/socket-worker-3f088aa2.js","x-github-request-id":"E989:02B9:5292A0:5958F6:60817C55"}
[debug] [2021-04-22T13:38:30.303Z] >>> [apiv2][query] GET https://api.github.com/user [none]
[debug] [2021-04-22T13:38:30.941Z] <<< [apiv2][status] GET https://api.github.com/user 200
[debug] [2021-04-22T13:38:30.942Z] <<< [apiv2][body] GET https://api.github.com/user {"login":"Jagdishdaad","id":68163978,"node_id":"MDQ6VXNlcjY4MTYzOTc4","avatar_url":"https://avatars.githubusercontent.com/u/68163978?v=4","gravatar_id":"","url":"https://api.github.com/users/Jagdishdaad","html_url":"https://github.com/Jagdishdaad","followers_url":"https://api.github.com/users/Jagdishdaad/followers","following_url":"https://api.github.com/users/Jagdishdaad/following{/other_user}","gists_url":"https://api.github.com/users/Jagdishdaad/gists{/gist_id}","starred_url":"https://api.github.com/users/Jagdishdaad/starred{/owner}{/repo}","subscriptions_url":"https://api.github.com/users/Jagdishdaad/subscriptions","organizations_url":"https://api.github.com/users/Jagdishdaad/orgs","repos_url":"https://api.github.com/users/Jagdishdaad/repos","events_url":"https://api.github.com/users/Jagdishdaad/events{/privacy}","received_events_url":"https://api.github.com/users/Jagdishdaad/received_events","type":"User","site_admin":false,"name":null,"company":null,"blog":"","location":null,"email":null,"hireable":null,"bio":null,"twitter_username":null,"public_repos":1,"public_gists":0,"followers":0,"following":0,"created_at":"2020-07-11T18:51:46Z","updated_at":"2021-04-14T05:59:44Z","private_gists":0,"total_private_repos":0,"owned_private_repos":0,"disk_usage":0,"collaborators":0,"two_factor_authentication":false,"plan":{"name":"free","space":976562499,"collaborators":0,"private_repos":10000}}
[info] 
[info] +  Success! Logged into GitHub as Jagdishdaad 
[info] 
[debug] [2021-04-22T13:38:47.818Z] >>> [apiv2][query] GET https://api.github.com/repos/firebase initfirebase initfirebase init/actions/secrets/public-key type=owner
[debug] [2021-04-22T13:38:48.422Z] <<< [apiv2][status] GET https://api.github.com/repos/firebase initfirebase initfirebase init/actions/secrets/public-key 404
[debug] [2021-04-22T13:38:48.423Z] <<< [apiv2][body] GET https://api.github.com/repos/firebase initfirebase initfirebase init/actions/secrets/public-key {"message":"Not Found","documentation_url":"https://docs.github.com/rest"}
[debug] [2021-04-22T13:42:37.197Z] >>> [apiv2][query] GET https://api.github.com/repos/firebase init hosting:github/actions/secrets/public-key type=owner
[debug] [2021-04-22T13:42:37.731Z] <<< [apiv2][status] GET https://api.github.com/repos/firebase init hosting:github/actions/secrets/public-key 404
[debug] [2021-04-22T13:42:37.731Z] <<< [apiv2][body] GET https://api.github.com/repos/firebase init hosting:github/actions/secrets/public-key {"message":"Not Found","documentation_url":"https://docs.github.com/rest"}
[debug] [2021-04-22T13:44:16.101Z] >>> [apiv2][query] GET https://api.github.com/repos/firebase init hosting:github/actions/secrets/public-key type=owner
[debug] [2021-04-22T13:44:16.851Z] <<< [apiv2][status] GET https://api.github.com/repos/firebase init hosting:github/actions/secrets/public-key 404
[debug] [2021-04-22T13:44:16.851Z] <<< [apiv2][body] GET https://api.github.com/repos/firebase init hosting:github/actions/secrets/public-key {"message":"Not Found","documentation_url":"https://docs.github.com/rest"}
[debug] [2021-04-22T13:44:16.956Z] >>> [apiv2][query] GET https://api.github.com/repos//actions/secrets/public-key type=owner
[debug] [2021-04-22T13:44:17.491Z] <<< [apiv2][status] GET https://api.github.com/repos//actions/secrets/public-key 404
[debug] [2021-04-22T13:44:17.491Z] <<< [apiv2][body] GET https://api.github.com/repos//actions/secrets/public-key {"message":"Not Found","documentation_url":"https://docs.github.com/rest"}
[debug] [2021-04-22T13:44:22.150Z] >>> [apiv2][query] GET https://api.github.com/repos/clsr/actions/secrets/public-key type=owner
[debug] [2021-04-22T13:44:22.931Z] <<< [apiv2][status] GET https://api.github.com/repos/clsr/actions/secrets/public-key 404
[debug] [2021-04-22T13:44:22.932Z] <<< [apiv2][body] GET https://api.github.com/repos/clsr/actions/secrets/public-key {"message":"Not Found","documentation_url":"https://docs.github.com/rest"}
